app/build/intermediates/manifest_merge_blame_file/debug/manifest-merger-blame-debug-report.txt
1<?xml version="1.0" encoding="utf-8"?>
2<manifest xmlns:android="http://schemas.android.com/apk/res/android"
3    package="com.quickmeet.androidquicktrackmeet"
4    android:versionCode="1"
5    android:versionName="1.0" >
6
7    <uses-sdk
8        android:minSdkVersion="19"
8-->src/main/AndroidManifest.xml
9        android:targetSdkVersion="30" />
9-->src/main/AndroidManifest.xml
10
11    <uses-permission android:name="android.permission.INTERNET" />
11-->[com.google.firebase:firebase-auth:21.0.1] AndroidManifest.xml:23:5-67
11-->[com.google.firebase:firebase-auth:21.0.1] AndroidManifest.xml:23:22-64
12    <uses-permission android:name="android.permission.ACCESS_NETWORK_STATE" />
12-->[com.google.firebase:firebase-auth:21.0.1] AndroidManifest.xml:24:5-79
12-->[com.google.firebase:firebase-auth:21.0.1] AndroidManifest.xml:24:22-76
13    <uses-permission android:name="android.permission.WAKE_LOCK" />
13-->[com.google.android.gms:play-services-measurement-api:20.0.2] AndroidManifest.xml:24:5-68
13-->[com.google.android.gms:play-services-measurement-api:20.0.2] AndroidManifest.xml:24:22-65
14    <uses-permission android:name="com.google.android.finsky.permission.BIND_GET_INSTALL_REFERRER_SERVICE" /> <!-- Include required permissions for Advertising Id -->
14-->[com.google.android.gms:play-services-measurement:20.0.2] AndroidManifest.xml:26:5-110
14-->[com.google.android.gms:play-services-measurement:20.0.2] AndroidManifest.xml:26:22-107
15    <uses-permission android:name="com.google.android.gms.permission.AD_ID" />
15-->[com.google.android.gms:play-services-ads-identifier:18.0.0] AndroidManifest.xml:23:5-79
15-->[com.google.android.gms:play-services-ads-identifier:18.0.0] AndroidManifest.xml:23:22-76
16
17    <application
17-->src/main/AndroidManifest.xml:5:5-94:19
18        android:allowBackup="true"
18-->src/main/AndroidManifest.xml:6:9-35
19        android:appComponentFactory="androidx.core.app.CoreComponentFactory"
19-->[androidx.core:core:1.7.0] AndroidManifest.xml:24:18-86
20        android:debuggable="true"
21        android:icon="@mipmap/ic_launcher"
21-->src/main/AndroidManifest.xml:7:9-43
22        android:label="Quick Track Meet"
22-->src/main/AndroidManifest.xml:8:9-41
23        android:orientation="vertical"
23-->src/main/AndroidManifest.xml:9:9-39
24        android:roundIcon="@mipmap/ic_launcher_round"
24-->src/main/AndroidManifest.xml:10:9-54
25        android:supportsRtl="true"
25-->src/main/AndroidManifest.xml:11:9-35
26        android:theme="@style/Theme.AndroidQuickTrackMeet" >
26-->src/main/AndroidManifest.xml:12:9-59
27        <activity
27-->src/main/AndroidManifest.xml:13:9-16:15
28            android:name="com.quickmeet.androidquicktrackmeet.meets.themeet.events.theevent.RelayActivity"
28-->src/main/AndroidManifest.xml:13:19-113
29            android:launchMode="singleTask"
29-->src/main/AndroidManifest.xml:14:13-44
30            android:parentActivityName="com.quickmeet.androidquicktrackmeet.meets.themeet.events.theevent.EventEditActivity" />
30-->src/main/AndroidManifest.xml:15:13-125
31        <activity
31-->src/main/AndroidManifest.xml:17:9-20:103
32            android:name="com.quickmeet.androidquicktrackmeet.schools.SchoolCoachesActivity"
32-->src/main/AndroidManifest.xml:18:13-93
33            android:launchMode="singleTask"
33-->src/main/AndroidManifest.xml:19:13-44
34            android:parentActivityName="com.quickmeet.androidquicktrackmeet.schools.schoolAthletes" />
34-->src/main/AndroidManifest.xml:20:13-100
35        <activity
35-->src/main/AndroidManifest.xml:21:9-24:104
36            android:name="com.quickmeet.androidquicktrackmeet.schools.ActivityAddSchool"
36-->src/main/AndroidManifest.xml:22:13-89
37            android:launchMode="singleTask"
37-->src/main/AndroidManifest.xml:23:13-44
38            android:parentActivityName="com.quickmeet.androidquicktrackmeet.schools.SchoolsActivity" />
38-->src/main/AndroidManifest.xml:24:13-101
39        <activity
39-->src/main/AndroidManifest.xml:25:9-28:104
40            android:name="com.quickmeet.androidquicktrackmeet.schools.schoolAthletes"
40-->src/main/AndroidManifest.xml:26:13-86
41            android:launchMode="singleTask"
41-->src/main/AndroidManifest.xml:27:13-44
42            android:parentActivityName="com.quickmeet.androidquicktrackmeet.schools.SchoolsActivity" />
42-->src/main/AndroidManifest.xml:28:13-101
43        <activity
43-->src/main/AndroidManifest.xml:29:9-32:128
44            android:name="com.quickmeet.androidquicktrackmeet.meets.AddSchoolsToMeet"
44-->src/main/AndroidManifest.xml:30:13-86
45            android:launchMode="singleTask"
45-->src/main/AndroidManifest.xml:31:13-44
46            android:parentActivityName="com.quickmeet.androidquicktrackmeet.meets.themeet.meetathletes.MeetAthletesActivity" />
46-->src/main/AndroidManifest.xml:32:13-125
47        <activity
47-->src/main/AndroidManifest.xml:33:9-36:102
48            android:name="com.quickmeet.androidquicktrackmeet.meets.themeet.meetathletes.AthleteEventsFromMeets"
48-->src/main/AndroidManifest.xml:34:13-113
49            android:launchMode="singleTask"
49-->src/main/AndroidManifest.xml:35:13-44
50            android:parentActivityName="com.quickmeet.androidquicktrackmeet.meets.AddMeetActivity" />
50-->src/main/AndroidManifest.xml:36:13-99
51        <activity
51-->src/main/AndroidManifest.xml:37:9-40:130
52            android:name="com.quickmeet.androidquicktrackmeet.meets.themeet.meetathletes.AddEventsToAthlete"
52-->src/main/AndroidManifest.xml:38:13-109
53            android:launchMode="singleTask"
53-->src/main/AndroidManifest.xml:39:13-44
54            android:parentActivityName="com.quickmeet.androidquicktrackmeet.meets.themeet.meetathletes.AthleteEventsFromMeets" />
54-->src/main/AndroidManifest.xml:40:13-127
55        <activity
55-->src/main/AndroidManifest.xml:41:9-44:107
56            android:name="com.quickmeet.androidquicktrackmeet.meets.themeet.meetathletes.MeetAthletesActivity"
56-->src/main/AndroidManifest.xml:42:13-111
57            android:launchMode="singleTask"
57-->src/main/AndroidManifest.xml:43:13-44
58            android:parentActivityName="com.quickmeet.androidquicktrackmeet.meets.themeet.HomeActivity" />
58-->src/main/AndroidManifest.xml:44:13-104
59        <activity
59-->src/main/AndroidManifest.xml:45:9-48:155
60            android:name="com.quickmeet.androidquicktrackmeet.meets.themeet.events.theevent.addathletestoevent.AddAthlete"
60-->src/main/AndroidManifest.xml:46:13-123
61            android:launchMode="singleTask"
61-->src/main/AndroidManifest.xml:47:13-44
62            android:parentActivityName="com.quickmeet.androidquicktrackmeet.meets.themeet.events.theevent.addathletestoevent.AddAthleteToEventActivity" />
62-->src/main/AndroidManifest.xml:48:13-152
63        <activity
63-->src/main/AndroidManifest.xml:49:9-52:107
64            android:name="com.quickmeet.androidquicktrackmeet.meets.themeet.ScoresActivity"
64-->src/main/AndroidManifest.xml:50:13-92
65            android:launchMode="singleTask"
65-->src/main/AndroidManifest.xml:51:13-44
66            android:parentActivityName="com.quickmeet.androidquicktrackmeet.meets.themeet.HomeActivity" />
66-->src/main/AndroidManifest.xml:52:13-104
67        <activity
67-->src/main/AndroidManifest.xml:53:9-57:128
68            android:name="com.quickmeet.androidquicktrackmeet.meets.themeet.events.theevent.addathletestoevent.AddAthleteToEventActivity"
68-->src/main/AndroidManifest.xml:54:13-138
69            android:launchMode="singleTask"
69-->src/main/AndroidManifest.xml:55:13-44
70            android:noHistory="true"
70-->src/main/AndroidManifest.xml:56:13-37
71            android:parentActivityName="com.quickmeet.androidquicktrackmeet.meets.themeet.events.theevent.EventEditActivity" />
71-->src/main/AndroidManifest.xml:57:13-125
72        <activity
72-->src/main/AndroidManifest.xml:58:9-62:70
73            android:name="com.quickmeet.androidquicktrackmeet.meets.themeet.events.theevent.EventEditActivity"
73-->src/main/AndroidManifest.xml:59:13-111
74            android:launchMode="singleTask"
74-->src/main/AndroidManifest.xml:60:13-44
75            android:parentActivityName="com.quickmeet.androidquicktrackmeet.meets.themeet.events.EventsActivity"
75-->src/main/AndroidManifest.xml:61:13-113
76            android:windowSoftInputMode="stateHidden|adjustResize" />
76-->src/main/AndroidManifest.xml:62:13-67
77        <activity
77-->src/main/AndroidManifest.xml:63:9-66:107
78            android:name="com.quickmeet.androidquicktrackmeet.meets.themeet.events.EventsActivity"
78-->src/main/AndroidManifest.xml:64:13-99
79            android:launchMode="singleTask"
79-->src/main/AndroidManifest.xml:65:13-44
80            android:parentActivityName="com.quickmeet.androidquicktrackmeet.meets.themeet.HomeActivity" />
80-->src/main/AndroidManifest.xml:66:13-104
81        <activity
81-->src/main/AndroidManifest.xml:67:9-70:100
82            android:name="com.quickmeet.androidquicktrackmeet.meets.themeet.HomeActivity"
82-->src/main/AndroidManifest.xml:68:13-90
83            android:launchMode="singleTask"
83-->src/main/AndroidManifest.xml:69:13-44
84            android:parentActivityName="com.quickmeet.androidquicktrackmeet.meets.MeetsActivity" />
84-->src/main/AndroidManifest.xml:70:13-97
85        <activity
85-->src/main/AndroidManifest.xml:71:9-74:100
86            android:name="com.quickmeet.androidquicktrackmeet.meets.AddMeetActivity"
86-->src/main/AndroidManifest.xml:72:13-85
87            android:launchMode="singleTask"
87-->src/main/AndroidManifest.xml:73:13-44
88            android:parentActivityName="com.quickmeet.androidquicktrackmeet.meets.MeetsActivity" />
88-->src/main/AndroidManifest.xml:74:13-97
89        <activity
89-->src/main/AndroidManifest.xml:75:9-79:93
90            android:name="com.quickmeet.androidquicktrackmeet.schools.SchoolsActivity"
90-->src/main/AndroidManifest.xml:76:13-87
91            android:label="Schools"
91-->src/main/AndroidManifest.xml:77:13-36
92            android:launchMode="singleTask"
92-->src/main/AndroidManifest.xml:78:13-44
93            android:parentActivityName="com.quickmeet.androidquicktrackmeet.MainActivity" />
93-->src/main/AndroidManifest.xml:79:13-90
94        <activity
94-->src/main/AndroidManifest.xml:80:9-84:93
95            android:name="com.quickmeet.androidquicktrackmeet.meets.MeetsActivity"
95-->src/main/AndroidManifest.xml:81:13-83
96            android:label="Meets"
96-->src/main/AndroidManifest.xml:82:13-34
97            android:launchMode="singleTask"
97-->src/main/AndroidManifest.xml:83:13-44
98            android:parentActivityName="com.quickmeet.androidquicktrackmeet.MainActivity" />
98-->src/main/AndroidManifest.xml:84:13-90
99        <activity
99-->src/main/AndroidManifest.xml:85:9-93:20
100            android:name="com.quickmeet.androidquicktrackmeet.MainActivity"
100-->src/main/AndroidManifest.xml:86:13-76
101            android:launchMode="singleTask" >
101-->src/main/AndroidManifest.xml:87:13-44
102            <intent-filter>
102-->src/main/AndroidManifest.xml:88:13-92:29
103                <action android:name="android.intent.action.MAIN" />
103-->src/main/AndroidManifest.xml:89:17-69
103-->src/main/AndroidManifest.xml:89:25-66
104
105                <category android:name="android.intent.category.LAUNCHER" />
105-->src/main/AndroidManifest.xml:91:17-77
105-->src/main/AndroidManifest.xml:91:27-74
106            </intent-filter>
107        </activity>
108        <activity
108-->[com.google.firebase:firebase-auth:21.0.1] AndroidManifest.xml:27:9-44:20
109            android:name="com.google.firebase.auth.internal.GenericIdpActivity"
109-->[com.google.firebase:firebase-auth:21.0.1] AndroidManifest.xml:28:13-80
110            android:excludeFromRecents="true"
110-->[com.google.firebase:firebase-auth:21.0.1] AndroidManifest.xml:29:13-46
111            android:exported="true"
111-->[com.google.firebase:firebase-auth:21.0.1] AndroidManifest.xml:30:13-36
112            android:launchMode="singleTask"
112-->[com.google.firebase:firebase-auth:21.0.1] AndroidManifest.xml:31:13-44
113            android:theme="@android:style/Theme.Translucent.NoTitleBar" >
113-->[com.google.firebase:firebase-auth:21.0.1] AndroidManifest.xml:32:13-72
114            <intent-filter>
114-->[com.google.firebase:firebase-auth:21.0.1] AndroidManifest.xml:33:13-43:29
115                <action android:name="android.intent.action.VIEW" />
115-->[com.google.firebase:firebase-auth:21.0.1] AndroidManifest.xml:34:17-69
115-->[com.google.firebase:firebase-auth:21.0.1] AndroidManifest.xml:34:25-66
116
117                <category android:name="android.intent.category.DEFAULT" />
117-->[com.google.firebase:firebase-auth:21.0.1] AndroidManifest.xml:36:17-76
117-->[com.google.firebase:firebase-auth:21.0.1] AndroidManifest.xml:36:27-73
118                <category android:name="android.intent.category.BROWSABLE" />
118-->[com.google.firebase:firebase-auth:21.0.1] AndroidManifest.xml:37:17-78
118-->[com.google.firebase:firebase-auth:21.0.1] AndroidManifest.xml:37:27-75
119
120                <data
120-->[com.google.firebase:firebase-auth:21.0.1] AndroidManifest.xml:39:17-42:51
121                    android:host="firebase.auth"
121-->[com.google.firebase:firebase-auth:21.0.1] AndroidManifest.xml:40:21-49
122                    android:path="/"
122-->[com.google.firebase:firebase-auth:21.0.1] AndroidManifest.xml:41:21-37
123                    android:scheme="genericidp" />
123-->[com.google.firebase:firebase-auth:21.0.1] AndroidManifest.xml:42:21-48
124            </intent-filter>
125        </activity>
126        <activity
126-->[com.google.firebase:firebase-auth:21.0.1] AndroidManifest.xml:45:9-62:20
127            android:name="com.google.firebase.auth.internal.RecaptchaActivity"
127-->[com.google.firebase:firebase-auth:21.0.1] AndroidManifest.xml:46:13-79
128            android:excludeFromRecents="true"
128-->[com.google.firebase:firebase-auth:21.0.1] AndroidManifest.xml:47:13-46
129            android:exported="true"
129-->[com.google.firebase:firebase-auth:21.0.1] AndroidManifest.xml:48:13-36
130            android:launchMode="singleTask"
130-->[com.google.firebase:firebase-auth:21.0.1] AndroidManifest.xml:49:13-44
131            android:theme="@android:style/Theme.Translucent.NoTitleBar" >
131-->[com.google.firebase:firebase-auth:21.0.1] AndroidManifest.xml:50:13-72
132            <intent-filter>
132-->[com.google.firebase:firebase-auth:21.0.1] AndroidManifest.xml:51:13-61:29
133                <action android:name="android.intent.action.VIEW" />
133-->[com.google.firebase:firebase-auth:21.0.1] AndroidManifest.xml:34:17-69
133-->[com.google.firebase:firebase-auth:21.0.1] AndroidManifest.xml:34:25-66
134
135                <category android:name="android.intent.category.DEFAULT" />
135-->[com.google.firebase:firebase-auth:21.0.1] AndroidManifest.xml:36:17-76
135-->[com.google.firebase:firebase-auth:21.0.1] AndroidManifest.xml:36:27-73
136                <category android:name="android.intent.category.BROWSABLE" />
136-->[com.google.firebase:firebase-auth:21.0.1] AndroidManifest.xml:37:17-78
136-->[com.google.firebase:firebase-auth:21.0.1] AndroidManifest.xml:37:27-75
137
138                <data
138-->[com.google.firebase:firebase-auth:21.0.1] AndroidManifest.xml:39:17-42:51
139                    android:host="firebase.auth"
139-->[com.google.firebase:firebase-auth:21.0.1] AndroidManifest.xml:40:21-49
140                    android:path="/"
140-->[com.google.firebase:firebase-auth:21.0.1] AndroidManifest.xml:41:21-37
141                    android:scheme="recaptcha" />
141-->[com.google.firebase:firebase-auth:21.0.1] AndroidManifest.xml:42:21-48
142            </intent-filter>
143        </activity>
144
145        <service
145-->[com.google.firebase:firebase-auth:21.0.1] AndroidManifest.xml:64:9-73:19
146            android:name="com.google.firebase.auth.api.fallback.service.FirebaseAuthFallbackService"
146-->[com.google.firebase:firebase-auth:21.0.1] AndroidManifest.xml:65:13-101
147            android:enabled="true"
147-->[com.google.firebase:firebase-auth:21.0.1] AndroidManifest.xml:66:13-35
148            android:exported="false" >
148-->[com.google.firebase:firebase-auth:21.0.1] AndroidManifest.xml:67:13-37
149            <intent-filter>
149-->[com.google.firebase:firebase-auth:21.0.1] AndroidManifest.xml:68:13-72:29
150                <action android:name="com.google.firebase.auth.api.gms.service.START" />
150-->[com.google.firebase:firebase-auth:21.0.1] AndroidManifest.xml:69:17-89
150-->[com.google.firebase:firebase-auth:21.0.1] AndroidManifest.xml:69:25-86
151
152                <category android:name="android.intent.category.DEFAULT" />
152-->[com.google.firebase:firebase-auth:21.0.1] AndroidManifest.xml:36:17-76
152-->[com.google.firebase:firebase-auth:21.0.1] AndroidManifest.xml:36:27-73
153            </intent-filter>
154        </service>
155        <service
155-->[com.google.firebase:firebase-auth:21.0.1] AndroidManifest.xml:74:9-80:19
156            android:name="com.google.firebase.components.ComponentDiscoveryService"
156-->[com.google.firebase:firebase-auth:21.0.1] AndroidManifest.xml:75:13-84
157            android:directBootAware="true"
157-->[com.google.firebase:firebase-common:20.0.0] AndroidManifest.xml:35:13-43
158            android:exported="false" >
158-->[com.google.firebase:firebase-auth:21.0.1] AndroidManifest.xml:76:13-37
159            <meta-data
159-->[com.google.firebase:firebase-auth:21.0.1] AndroidManifest.xml:77:13-79:85
160                android:name="com.google.firebase.components:com.google.firebase.auth.FirebaseAuthRegistrar"
160-->[com.google.firebase:firebase-auth:21.0.1] AndroidManifest.xml:78:17-109
161                android:value="com.google.firebase.components.ComponentRegistrar" />
161-->[com.google.firebase:firebase-auth:21.0.1] AndroidManifest.xml:79:17-82
162            <meta-data
162-->[com.google.firebase:firebase-database:20.0.3] AndroidManifest.xml:32:13-34:85
163                android:name="com.google.firebase.components:com.google.firebase.database.DatabaseRegistrar"
163-->[com.google.firebase:firebase-database:20.0.3] AndroidManifest.xml:33:17-109
164                android:value="com.google.firebase.components.ComponentRegistrar" />
164-->[com.google.firebase:firebase-database:20.0.3] AndroidManifest.xml:34:17-82
165            <meta-data
165-->[com.google.android.gms:play-services-measurement-api:20.0.2] AndroidManifest.xml:30:13-32:85
166                android:name="com.google.firebase.components:com.google.firebase.analytics.connector.internal.AnalyticsConnectorRegistrar"
166-->[com.google.android.gms:play-services-measurement-api:20.0.2] AndroidManifest.xml:31:17-139
167                android:value="com.google.firebase.components.ComponentRegistrar" />
167-->[com.google.android.gms:play-services-measurement-api:20.0.2] AndroidManifest.xml:32:17-82
168            <meta-data
168-->[com.google.firebase:firebase-installations:17.0.0] AndroidManifest.xml:18:13-20:85
169                android:name="com.google.firebase.components:com.google.firebase.installations.FirebaseInstallationsRegistrar"
169-->[com.google.firebase:firebase-installations:17.0.0] AndroidManifest.xml:19:17-127
170                android:value="com.google.firebase.components.ComponentRegistrar" />
170-->[com.google.firebase:firebase-installations:17.0.0] AndroidManifest.xml:20:17-82
171        </service>
172
173        <activity
173-->[com.google.android.gms:play-services-auth:20.0.0] AndroidManifest.xml:23:9-27:75
174            android:name="com.google.android.gms.auth.api.signin.internal.SignInHubActivity"
174-->[com.google.android.gms:play-services-auth:20.0.0] AndroidManifest.xml:24:13-93
175            android:excludeFromRecents="true"
175-->[com.google.android.gms:play-services-auth:20.0.0] AndroidManifest.xml:25:13-46
176            android:exported="false"
176-->[com.google.android.gms:play-services-auth:20.0.0] AndroidManifest.xml:26:13-37
177            android:theme="@android:style/Theme.Translucent.NoTitleBar" />
177-->[com.google.android.gms:play-services-auth:20.0.0] AndroidManifest.xml:27:13-72
178        <!--
179            Service handling Google Sign-In user revocation. For apps that do not integrate with
180            Google Sign-In, this service will never be started.
181        -->
182        <service
182-->[com.google.android.gms:play-services-auth:20.0.0] AndroidManifest.xml:33:9-37:51
183            android:name="com.google.android.gms.auth.api.signin.RevocationBoundService"
183-->[com.google.android.gms:play-services-auth:20.0.0] AndroidManifest.xml:34:13-89
184            android:exported="true"
184-->[com.google.android.gms:play-services-auth:20.0.0] AndroidManifest.xml:35:13-36
185            android:permission="com.google.android.gms.auth.api.signin.permission.REVOCATION_NOTIFICATION"
185-->[com.google.android.gms:play-services-auth:20.0.0] AndroidManifest.xml:36:13-107
186            android:visibleToInstantApps="true" />
186-->[com.google.android.gms:play-services-auth:20.0.0] AndroidManifest.xml:37:13-48
187
188        <provider
188-->[com.google.firebase:firebase-common:20.0.0] AndroidManifest.xml:26:9-31:39
189            android:name="com.google.firebase.provider.FirebaseInitProvider"
189-->[com.google.firebase:firebase-common:20.0.0] AndroidManifest.xml:27:13-77
190            android:authorities="com.quickmeet.androidquicktrackmeet.firebaseinitprovider"
190-->[com.google.firebase:firebase-common:20.0.0] AndroidManifest.xml:28:13-72
191            android:directBootAware="true"
191-->[com.google.firebase:firebase-common:20.0.0] AndroidManifest.xml:29:13-43
192            android:exported="false"
192-->[com.google.firebase:firebase-common:20.0.0] AndroidManifest.xml:30:13-37
193            android:initOrder="100" />
193-->[com.google.firebase:firebase-common:20.0.0] AndroidManifest.xml:31:13-36
194
195        <activity
195-->[com.google.android.gms:play-services-base:18.0.0] AndroidManifest.xml:20:9-22:45
196            android:name="com.google.android.gms.common.api.GoogleApiActivity"
196-->[com.google.android.gms:play-services-base:18.0.0] AndroidManifest.xml:20:19-85
197            android:exported="false"
197-->[com.google.android.gms:play-services-base:18.0.0] AndroidManifest.xml:22:19-43
198            android:theme="@android:style/Theme.Translucent.NoTitleBar" />
198-->[com.google.android.gms:play-services-base:18.0.0] AndroidManifest.xml:21:19-78
199
200        <receiver
200-->[com.google.android.gms:play-services-measurement:20.0.2] AndroidManifest.xml:29:9-33:20
201            android:name="com.google.android.gms.measurement.AppMeasurementReceiver"
201-->[com.google.android.gms:play-services-measurement:20.0.2] AndroidManifest.xml:30:13-85
202            android:enabled="true"
202-->[com.google.android.gms:play-services-measurement:20.0.2] AndroidManifest.xml:31:13-35
203            android:exported="false" >
203-->[com.google.android.gms:play-services-measurement:20.0.2] AndroidManifest.xml:32:13-37
204        </receiver>
205
206        <service
206-->[com.google.android.gms:play-services-measurement:20.0.2] AndroidManifest.xml:35:9-38:40
207            android:name="com.google.android.gms.measurement.AppMeasurementService"
207-->[com.google.android.gms:play-services-measurement:20.0.2] AndroidManifest.xml:36:13-84
208            android:enabled="true"
208-->[com.google.android.gms:play-services-measurement:20.0.2] AndroidManifest.xml:37:13-35
209            android:exported="false" />
209-->[com.google.android.gms:play-services-measurement:20.0.2] AndroidManifest.xml:38:13-37
210        <service
210-->[com.google.android.gms:play-services-measurement:20.0.2] AndroidManifest.xml:39:9-43:72
211            android:name="com.google.android.gms.measurement.AppMeasurementJobService"
211-->[com.google.android.gms:play-services-measurement:20.0.2] AndroidManifest.xml:40:13-87
212            android:enabled="true"
212-->[com.google.android.gms:play-services-measurement:20.0.2] AndroidManifest.xml:41:13-35
213            android:exported="false"
213-->[com.google.android.gms:play-services-measurement:20.0.2] AndroidManifest.xml:42:13-37
214            android:permission="android.permission.BIND_JOB_SERVICE" />
214-->[com.google.android.gms:play-services-measurement:20.0.2] AndroidManifest.xml:43:13-69
215
216        <meta-data
216-->[com.google.android.gms:play-services-basement:18.0.0] AndroidManifest.xml:21:9-23:69
217            android:name="com.google.android.gms.version"
217-->[com.google.android.gms:play-services-basement:18.0.0] AndroidManifest.xml:22:13-58
218            android:value="@integer/google_play_services_version" />
218-->[com.google.android.gms:play-services-basement:18.0.0] AndroidManifest.xml:23:13-66
219
220        <provider
220-->[androidx.emoji2:emoji2:1.0.0] AndroidManifest.xml:26:9-34:20
221            android:name="androidx.startup.InitializationProvider"
221-->[androidx.emoji2:emoji2:1.0.0] AndroidManifest.xml:27:13-67
222            android:authorities="com.quickmeet.androidquicktrackmeet.androidx-startup"
222-->[androidx.emoji2:emoji2:1.0.0] AndroidManifest.xml:28:13-68
223            android:exported="false" >
223-->[androidx.emoji2:emoji2:1.0.0] AndroidManifest.xml:29:13-37
224            <meta-data
224-->[androidx.emoji2:emoji2:1.0.0] AndroidManifest.xml:31:13-33:52
225                android:name="androidx.emoji2.text.EmojiCompatInitializer"
225-->[androidx.emoji2:emoji2:1.0.0] AndroidManifest.xml:32:17-75
226                android:value="androidx.startup" />
226-->[androidx.emoji2:emoji2:1.0.0] AndroidManifest.xml:33:17-49
227            <meta-data
227-->[androidx.lifecycle:lifecycle-process:2.4.0] AndroidManifest.xml:31:13-33:52
228                android:name="androidx.lifecycle.ProcessLifecycleInitializer"
228-->[androidx.lifecycle:lifecycle-process:2.4.0] AndroidManifest.xml:32:17-78
229                android:value="androidx.startup" />
229-->[androidx.lifecycle:lifecycle-process:2.4.0] AndroidManifest.xml:33:17-49
230        </provider>
231    </application>
232
233</manifest>